<?xml version="1.0" encoding="UTF-8"?>
<testng-results ignored="0" total="2" passed="2" failed="0" skipped="0">
  <reporter-output>
  </reporter-output>
  <suite started-at="2023-05-23T11:06:28 IST" name="Suite" finished-at="2023-05-23T11:06:42 IST" duration-ms="13800">
    <groups>
    </groups>
    <test started-at="2023-05-23T11:06:28 IST" name="Test" finished-at="2023-05-23T11:06:42 IST" duration-ms="13800">
      <class name="testClass.Post_TC_1">
        <test-method signature="execute()[pri:0, instance:testClass.Post_TC_1@20435c40]" started-at="2023-05-23T11:06:28 IST" name="execute" finished-at="2023-05-23T11:06:40 IST" duration-ms="11498" status="PASS">
          <reporter-output>
          </reporter-output>
        </test-method> <!-- execute -->
      </class> <!-- testClass.Post_TC_1 -->
      <class name="testClass.Post_TC_2">
        <test-method signature="execute()[pri:0, instance:testClass.Post_TC_2@56c4278e]" started-at="2023-05-23T11:06:40 IST" name="execute" finished-at="2023-05-23T11:06:42 IST" duration-ms="1672" status="PASS">
          <reporter-output>
          </reporter-output>
        </test-method> <!-- execute -->
      </class> <!-- testClass.Post_TC_2 -->
    </test> <!-- Test -->
  </suite> <!-- Suite -->
</testng-results>
